<?xml version="1.0" encoding="UTF-8"?>
<!-- Generated by org.testng.reporters.JUnitReportReporter -->
<testsuite hostname="DESKTOP-GMOSDA1" name="baidu1.NewTest" tests="1" failures="0" timestamp="19 Mar 2019 08:28:13 GMT" time="4.612" errors="0">
  <testcase name="f" time="4.612" classname="baidu1.NewTest"/>
</testsuite> <!-- baidu1.NewTest -->
